# JRE version: Java(TM) SE Runtime Environment (8.0_191-b12) (build 1.8.0_191-b12)
# Java VM: Java HotSpot(TM) 64-Bit Server VM (25.191-b12 mixed mode windows-amd64 compressed oops)
Heap:
 PSYoungGen      total 134656K, used 46125K [0x00000000d5f00000, 0x00000000df080000, 0x0000000100000000)
  eden space 125952K, 32% used [0x00000000d5f00000,0x00000000d8729558,0x00000000dda00000)
  from space 8704K, 57% used [0x00000000ddf80000,0x00000000de461f10,0x00000000de800000)
  to   space 7168K, 0% used [0x00000000de980000,0x00000000de980000,0x00000000df080000)
 ParOldGen       total 66560K, used 27587K [0x0000000081c00000, 0x0000000085d00000, 0x00000000d5f00000)
  object space 66560K, 41% used [0x0000000081c00000,0x00000000836f0f08,0x0000000085d00000)
 Metaspace       used 48681K, capacity 52170K, committed 52224K, reserved 1093632K
  class space    used 6535K, capacity 7151K, committed 7168K, reserved 1048576K
GC Heap History (10 events):
Event: 6.450 GC heap before
{Heap before GC invocations=9 (full 1):
 PSYoungGen      total 134656K, used 104286K [0x00000000d5f00000, 0x00000000df080000, 0x0000000100000000)
  eden space 125952K, 75% used [0x00000000d5f00000,0x00000000dbc5a1f0,0x00000000dda00000)
  from space 8704K, 99% used [0x00000000ddf80000,0x00000000de7fd738,0x00000000de800000)
  to   space 7168K, 0% used [0x00000000de980000,0x00000000de980000,0x00000000df080000)
 ParOldGen       total 46080K, used 9265K [0x0000000081c00000, 0x0000000084900000, 0x00000000d5f00000)
  object space 46080K, 20% used [0x0000000081c00000,0x000000008250c5b0,0x0000000084900000)
 Metaspace       used 33012K, capacity 35350K, committed 35496K, reserved 1079296K
  class space    used 4342K, capacity 4769K, committed 4864K, reserved 1048576K
Event: 6.460 GC heap after
Heap after GC invocations=9 (full 1):
 PSYoungGen      total 133120K, used 7136K [0x00000000d5f00000, 0x00000000df080000, 0x0000000100000000)
  eden space 125952K, 0% used [0x00000000d5f00000,0x00000000d5f00000,0x00000000dda00000)
  from space 7168K, 99% used [0x00000000de980000,0x00000000df078020,0x00000000df080000)
  to   space 8704K, 0% used [0x00000000ddf80000,0x00000000ddf80000,0x00000000de800000)
 ParOldGen       total 46080K, used 12882K [0x0000000081c00000, 0x0000000084900000, 0x00000000d5f00000)
  object space 46080K, 27% used [0x0000000081c00000,0x00000000828949f8,0x0000000084900000)
 Metaspace       used 33012K, capacity 35350K, committed 35496K, reserved 1079296K
  class space    used 4342K, capacity 4769K, committed 4864K, reserved 1048576K
}
Event: 6.460 GC heap before
{Heap before GC invocations=10 (full 2):
 PSYoungGen      total 133120K, used 7136K [0x00000000d5f00000, 0x00000000df080000, 0x0000000100000000)
  eden space 125952K, 0% used [0x00000000d5f00000,0x00000000d5f00000,0x00000000dda00000)
  from space 7168K, 99% used [0x00000000de980000,0x00000000df078020,0x00000000df080000)
  to   space 8704K, 0% used [0x00000000ddf80000,0x00000000ddf80000,0x00000000de800000)
 ParOldGen       total 46080K, used 12882K [0x0000000081c00000, 0x0000000084900000, 0x00000000d5f00000)
  object space 46080K, 27% used [0x0000000081c00000,0x00000000828949f8,0x0000000084900000)
 Metaspace       used 33012K, capacity 35350K, committed 35496K, reserved 1079296K
  class space    used 4342K, capacity 4769K, committed 4864K, reserved 1048576K
Event: 6.529 GC heap after
Heap after GC invocations=10 (full 2):
 PSYoungGen      total 133120K, used 0K [0x00000000d5f00000, 0x00000000df080000, 0x0000000100000000)
  eden space 125952K, 0% used [0x00000000d5f00000,0x00000000d5f00000,0x00000000dda00000)
  from space 7168K, 0% used [0x00000000de980000,0x00000000de980000,0x00000000df080000)
  to   space 8704K, 0% used [0x00000000ddf80000,0x00000000ddf80000,0x00000000de800000)
 ParOldGen       total 66560K, used 15882K [0x0000000081c00000, 0x0000000085d00000, 0x00000000d5f00000)
  object space 66560K, 23% used [0x0000000081c00000,0x0000000082b82a58,0x0000000085d00000)
 Metaspace       used 33012K, capacity 35350K, committed 35496K, reserved 1079296K
  class space    used 4342K, capacity 4769K, committed 4864K, reserved 1048576K
}
Event: 8.289 GC heap before
{Heap before GC invocations=11 (full 2):
 PSYoungGen      total 133120K, used 125952K [0x00000000d5f00000, 0x00000000df080000, 0x0000000100000000)
  eden space 125952K, 100% used [0x00000000d5f00000,0x00000000dda00000,0x00000000dda00000)
  from space 7168K, 0% used [0x00000000de980000,0x00000000de980000,0x00000000df080000)
  to   space 8704K, 0% used [0x00000000ddf80000,0x00000000ddf80000,0x00000000de800000)
 ParOldGen       total 66560K, used 15882K [0x0000000081c00000, 0x0000000085d00000, 0x00000000d5f00000)
  object space 66560K, 23% used [0x0000000081c00000,0x0000000082b82a58,0x0000000085d00000)
 Metaspace       used 39850K, capacity 42572K, committed 42752K, reserved 1085440K
  class space    used 5370K, capacity 5864K, committed 5888K, reserved 1048576K
Event: 8.295 GC heap after
Heap after GC invocations=11 (full 2):
 PSYoungGen      total 134656K, used 7716K [0x00000000d5f00000, 0x00000000df080000, 0x0000000100000000)
  eden space 125952K, 0% used [0x00000000d5f00000,0x00000000d5f00000,0x00000000dda00000)
  from space 8704K, 88% used [0x00000000ddf80000,0x00000000de709118,0x00000000de800000)
  to   space 7168K, 0% used [0x00000000de980000,0x00000000de980000,0x00000000df080000)
 ParOldGen       total 66560K, used 15890K [0x0000000081c00000, 0x0000000085d00000, 0x00000000d5f00000)
  object space 66560K, 23% used [0x0000000081c00000,0x0000000082b84a58,0x0000000085d00000)
 Metaspace       used 39850K, capacity 42572K, committed 42752K, reserved 1085440K
  class space    used 5370K, capacity 5864K, committed 5888K, reserved 1048576K
}
Event: 10.245 GC heap before
{Heap before GC invocations=12 (full 2):
 PSYoungGen      total 134656K, used 133668K [0x00000000d5f00000, 0x00000000df080000, 0x0000000100000000)
  eden space 125952K, 100% used [0x00000000d5f00000,0x00000000dda00000,0x00000000dda00000)
  from space 8704K, 88% used [0x00000000ddf80000,0x00000000de709118,0x00000000de800000)
  to   space 7168K, 0% used [0x00000000de980000,0x00000000de980000,0x00000000df080000)
 ParOldGen       total 66560K, used 15890K [0x0000000081c00000, 0x0000000085d00000, 0x00000000d5f00000)
  object space 66560K, 23% used [0x0000000081c00000,0x0000000082b84a58,0x0000000085d00000)
 Metaspace       used 45748K, capacity 48666K, committed 49024K, reserved 1091584K
  class space    used 6112K, capacity 6659K, committed 6784K, reserved 1048576K
Event: 10.256 GC heap after
Heap after GC invocations=12 (full 2):
 PSYoungGen      total 133120K, used 7144K [0x00000000d5f00000, 0x00000000df080000, 0x0000000100000000)
  eden space 125952K, 0% used [0x00000000d5f00000,0x00000000d5f00000,0x00000000dda00000)
  from space 7168K, 99% used [0x00000000de980000,0x00000000df07a040,0x00000000df080000)
  to   space 8704K, 0% used [0x00000000ddf80000,0x00000000ddf80000,0x00000000de800000)
 ParOldGen       total 66560K, used 20591K [0x0000000081c00000, 0x0000000085d00000, 0x00000000d5f00000)
  object space 66560K, 30% used [0x0000000081c00000,0x000000008301bea0,0x0000000085d00000)
 Metaspace       used 45748K, capacity 48666K, committed 49024K, reserved 1091584K
  class space    used 6112K, capacity 6659K, committed 6784K, reserved 1048576K
}
Event: 11.150 GC heap before
{Heap before GC invocations=13 (full 2):
 PSYoungGen      total 133120K, used 133096K [0x00000000d5f00000, 0x00000000df080000, 0x0000000100000000)
  eden space 125952K, 100% used [0x00000000d5f00000,0x00000000dda00000,0x00000000dda00000)
  from space 7168K, 99% used [0x00000000de980000,0x00000000df07a040,0x00000000df080000)
  to   space 8704K, 0% used [0x00000000ddf80000,0x00000000ddf80000,0x00000000de800000)
 ParOldGen       total 66560K, used 20591K [0x0000000081c00000, 0x0000000085d00000, 0x00000000d5f00000)
  object space 66560K, 30% used [0x0000000081c00000,0x000000008301bea0,0x0000000085d00000)
 Metaspace       used 47979K, capacity 51432K, committed 51584K, reserved 1093632K
  class space    used 6433K, capacity 7028K, committed 7040K, reserved 1048576K
Event: 11.163 GC heap after
Heap after GC invocations=13 (full 2):
 PSYoungGen      total 134656K, used 4999K [0x00000000d5f00000, 0x00000000df080000, 0x0000000100000000)
  eden space 125952K, 0% used [0x00000000d5f00000,0x00000000d5f00000,0x00000000dda00000)
  from space 8704K, 57% used [0x00000000ddf80000,0x00000000de461f10,0x00000000de800000)
  to   space 7168K, 0% used [0x00000000de980000,0x00000000de980000,0x00000000df080000)
 ParOldGen       total 66560K, used 27587K [0x0000000081c00000, 0x0000000085d00000, 0x00000000d5f00000)
  object space 66560K, 41% used [0x0000000081c00000,0x00000000836f0f08,0x0000000085d00000)
 Metaspace       used 47979K, capacity 51432K, committed 51584K, reserved 1093632K
  class space    used 6433K, capacity 7028K, committed 7040K, reserved 1048576K
}

